20180110 161729.598 [2616] Sauce Connect 4.4.11, build 3856 c3795fd -n -dirty
20180110 161729.598 [2616] Trying to autodetect proxy settings
20180110 161729.603 [2616] Starting up; pid 2616
20180110 161729.603 [2616] Command line arguments: /Users/nimo/Documents/onface/module/template/node_modules/sauce-connect-launcher/sc/sc-4.4.11-osx/bin/sc --no-ssl-bump-domains all -P 5757 --logfile sauce_connect.log -u nimo -k **** --tunnel-identifier karma1515572167 --readyfile /var/folders/bt/bs02bjyd569gv_2_4bzqfyc00000gp/T/sc-launcher-readyfile 
20180110 161729.603 [2616] Log file: sauce_connect.log
20180110 161729.603 [2616] Pid file: /tmp/sc_client-karma1515572167.pid
20180110 161729.603 [2616] Timezone: CST GMT offset: 8h
20180110 161729.603 [2616] Using no proxy for connecting to Sauce Labs REST API.
20180110 161730.861 [2616] PROXY *** scproxy started ***
20180110 161916.329 [2624] Sauce Connect 4.4.11, build 3856 c3795fd -n -dirty
20180110 161916.329 [2624] Trying to autodetect proxy settings
20180110 161916.334 [2624] Starting up; pid 2624
20180110 161916.335 [2624] Command line arguments: /Users/nimo/Documents/onface/module/template/node_modules/sauce-connect-launcher/sc/sc-4.4.11-osx/bin/sc --no-ssl-bump-domains all -P 5757 --logfile sauce_connect.log -u nimo -k **** --tunnel-identifier karma1515572356 --readyfile /var/folders/bt/bs02bjyd569gv_2_4bzqfyc00000gp/T/sc-launcher-readyfile 
20180110 161916.335 [2624] Log file: sauce_connect.log
20180110 161916.335 [2624] Pid file: /tmp/sc_client-karma1515572356.pid
20180110 161916.335 [2624] Timezone: CST GMT offset: 8h
20180110 161916.335 [2624] Using no proxy for connecting to Sauce Labs REST API.
20180110 161917.833 [2624] PROXY *** scproxy started ***
20180110 161927.131 [2628] Sauce Connect 4.4.11, build 3856 c3795fd -n -dirty
20180110 161927.131 [2628] Trying to autodetect proxy settings
20180110 161927.136 [2628] Starting up; pid 2628
20180110 161927.137 [2628] Command line arguments: /Users/nimo/Documents/onface/module/template/node_modules/sauce-connect-launcher/sc/sc-4.4.11-osx/bin/sc --no-ssl-bump-domains all -P 5757 --logfile sauce_connect.log -u nimo -k **** --tunnel-identifier karma1515572367 --readyfile /var/folders/bt/bs02bjyd569gv_2_4bzqfyc00000gp/T/sc-launcher-readyfile 
20180110 161927.137 [2628] Log file: sauce_connect.log
20180110 161927.137 [2628] Pid file: /tmp/sc_client-karma1515572367.pid
20180110 161927.137 [2628] Timezone: CST GMT offset: 8h
20180110 161927.137 [2628] Using no proxy for connecting to Sauce Labs REST API.
20180110 161928.097 [2628] PROXY *** scproxy started ***
